app/build/intermediates/manifest_merge_blame_file/debug/manifest-merger-blame-debug-report.txt
1<?xml version="1.0" encoding="utf-8"?>
2<manifest xmlns:android="http://schemas.android.com/apk/res/android"
3    package="com.awikwok.uas_slemantimes"
4    android:versionCode="1"
5    android:versionName="1.0" >
6
7    <uses-sdk
8        android:minSdkVersion="21"
8-->src\main\AndroidManifest.xml
9        android:targetSdkVersion="32" />
9-->src\main\AndroidManifest.xml
10
11    <uses-permission android:name="android.permission.INTERNET" />
11-->src\main\AndroidManifest.xml:6:5-67
11-->src\main\AndroidManifest.xml:6:22-64
12    <uses-permission android:name="android.permission.ACCESS_NETWORK_STATE" />
12-->[com.google.firebase:firebase-auth:21.1.0] AndroidManifest.xml:24:5-79
12-->[com.google.firebase:firebase-auth:21.1.0] AndroidManifest.xml:24:22-76
13
14    <application
14-->src\main\AndroidManifest.xml:8:5-62:19
15        android:allowBackup="true"
15-->src\main\AndroidManifest.xml:9:9-35
16        android:appComponentFactory="androidx.core.app.CoreComponentFactory"
16-->[androidx.core:core:1.8.0] AndroidManifest.xml:24:18-86
17        android:dataExtractionRules="@xml/data_extraction_rules"
17-->src\main\AndroidManifest.xml:10:9-65
18        android:debuggable="true"
19        android:fullBackupContent="@xml/backup_rules"
19-->src\main\AndroidManifest.xml:11:9-54
20        android:icon="@mipmap/ic_launcher"
20-->src\main\AndroidManifest.xml:12:9-43
21        android:label="@string/app_name"
21-->src\main\AndroidManifest.xml:13:9-41
22        android:roundIcon="@mipmap/ic_launcher_round"
22-->src\main\AndroidManifest.xml:14:9-54
23        android:supportsRtl="true"
23-->src\main\AndroidManifest.xml:15:9-35
24        android:testOnly="true"
25        android:theme="@style/Theme.UAS_SlemanTimes"
25-->src\main\AndroidManifest.xml:16:9-53
26        android:usesCleartextTraffic="true" >
26-->src\main\AndroidManifest.xml:17:9-44
27        <activity
27-->src\main\AndroidManifest.xml:19:9-21:40
28            android:name="com.awikwok.uas_slemantimes.NewsDetail"
28-->src\main\AndroidManifest.xml:20:13-39
29            android:exported="false" />
29-->src\main\AndroidManifest.xml:21:13-37
30        <activity
30-->src\main\AndroidManifest.xml:22:9-24:40
31            android:name="com.awikwok.uas_slemantimes.NewsListActivity"
31-->src\main\AndroidManifest.xml:23:13-45
32            android:exported="false" />
32-->src\main\AndroidManifest.xml:24:13-37
33        <activity
33-->src\main\AndroidManifest.xml:25:9-27:40
34            android:name="com.awikwok.uas_slemantimes.BookmarkActivity"
34-->src\main\AndroidManifest.xml:26:13-45
35            android:exported="false" />
35-->src\main\AndroidManifest.xml:27:13-37
36        <activity
36-->src\main\AndroidManifest.xml:28:9-30:40
37            android:name="com.awikwok.uas_slemantimes.MyNewsActivity"
37-->src\main\AndroidManifest.xml:29:13-43
38            android:exported="false" />
38-->src\main\AndroidManifest.xml:30:13-37
39        <activity
39-->src\main\AndroidManifest.xml:31:9-33:40
40            android:name="com.awikwok.uas_slemantimes.ProfileActivity"
40-->src\main\AndroidManifest.xml:32:13-44
41            android:exported="false" />
41-->src\main\AndroidManifest.xml:33:13-37
42        <activity
42-->src\main\AndroidManifest.xml:34:9-36:40
43            android:name="com.awikwok.uas_slemantimes.AddNewsActivity"
43-->src\main\AndroidManifest.xml:35:13-44
44            android:exported="false" />
44-->src\main\AndroidManifest.xml:36:13-37
45        <activity
45-->src\main\AndroidManifest.xml:37:9-39:40
46            android:name="com.awikwok.uas_slemantimes.LoginActivity"
46-->src\main\AndroidManifest.xml:38:13-42
47            android:exported="false" />
47-->src\main\AndroidManifest.xml:39:13-37
48        <activity
48-->src\main\AndroidManifest.xml:40:9-42:40
49            android:name="com.awikwok.uas_slemantimes.CarouselActivity"
49-->src\main\AndroidManifest.xml:41:13-45
50            android:exported="false" />
50-->src\main\AndroidManifest.xml:42:13-37
51        <activity
51-->src\main\AndroidManifest.xml:43:9-45:40
52            android:name="com.awikwok.uas_slemantimes.RegisterActivity"
52-->src\main\AndroidManifest.xml:44:13-45
53            android:exported="false" />
53-->src\main\AndroidManifest.xml:45:13-37
54        <activity
54-->src\main\AndroidManifest.xml:46:9-48:40
55            android:name="com.awikwok.uas_slemantimes.MainActivity"
55-->src\main\AndroidManifest.xml:47:13-41
56            android:exported="false" />
56-->src\main\AndroidManifest.xml:48:13-37
57        <activity
57-->src\main\AndroidManifest.xml:49:9-57:20
58            android:name="com.awikwok.uas_slemantimes.SplashScreenActivity"
58-->src\main\AndroidManifest.xml:50:13-49
59            android:exported="true" >
59-->src\main\AndroidManifest.xml:51:13-36
60            <intent-filter>
60-->src\main\AndroidManifest.xml:52:13-56:29
61                <action android:name="android.intent.action.MAIN" />
61-->src\main\AndroidManifest.xml:53:17-69
61-->src\main\AndroidManifest.xml:53:25-66
62
63                <category android:name="android.intent.category.LAUNCHER" />
63-->src\main\AndroidManifest.xml:55:17-77
63-->src\main\AndroidManifest.xml:55:27-74
64            </intent-filter>
65        </activity>
66
67        <meta-data
67-->src\main\AndroidManifest.xml:59:9-61:57
68            android:name="preloaded_fonts"
68-->src\main\AndroidManifest.xml:60:13-43
69            android:resource="@array/preloaded_fonts" />
69-->src\main\AndroidManifest.xml:61:13-54
70
71        <activity
71-->[com.google.firebase:firebase-auth:21.1.0] AndroidManifest.xml:27:9-44:20
72            android:name="com.google.firebase.auth.internal.GenericIdpActivity"
72-->[com.google.firebase:firebase-auth:21.1.0] AndroidManifest.xml:28:13-80
73            android:excludeFromRecents="true"
73-->[com.google.firebase:firebase-auth:21.1.0] AndroidManifest.xml:29:13-46
74            android:exported="true"
74-->[com.google.firebase:firebase-auth:21.1.0] AndroidManifest.xml:30:13-36
75            android:launchMode="singleTask"
75-->[com.google.firebase:firebase-auth:21.1.0] AndroidManifest.xml:31:13-44
76            android:theme="@android:style/Theme.Translucent.NoTitleBar" >
76-->[com.google.firebase:firebase-auth:21.1.0] AndroidManifest.xml:32:13-72
77            <intent-filter>
77-->[com.google.firebase:firebase-auth:21.1.0] AndroidManifest.xml:33:13-43:29
78                <action android:name="android.intent.action.VIEW" />
78-->[com.google.firebase:firebase-auth:21.1.0] AndroidManifest.xml:34:17-69
78-->[com.google.firebase:firebase-auth:21.1.0] AndroidManifest.xml:34:25-66
79
80                <category android:name="android.intent.category.DEFAULT" />
80-->[com.google.firebase:firebase-auth:21.1.0] AndroidManifest.xml:36:17-76
80-->[com.google.firebase:firebase-auth:21.1.0] AndroidManifest.xml:36:27-73
81                <category android:name="android.intent.category.BROWSABLE" />
81-->[com.google.firebase:firebase-auth:21.1.0] AndroidManifest.xml:37:17-78
81-->[com.google.firebase:firebase-auth:21.1.0] AndroidManifest.xml:37:27-75
82
83                <data
83-->[com.google.firebase:firebase-auth:21.1.0] AndroidManifest.xml:39:17-42:51
84                    android:host="firebase.auth"
84-->[com.google.firebase:firebase-auth:21.1.0] AndroidManifest.xml:40:21-49
85                    android:path="/"
85-->[com.google.firebase:firebase-auth:21.1.0] AndroidManifest.xml:41:21-37
86                    android:scheme="genericidp" />
86-->[com.google.firebase:firebase-auth:21.1.0] AndroidManifest.xml:42:21-48
87            </intent-filter>
88        </activity>
89        <activity
89-->[com.google.firebase:firebase-auth:21.1.0] AndroidManifest.xml:45:9-62:20
90            android:name="com.google.firebase.auth.internal.RecaptchaActivity"
90-->[com.google.firebase:firebase-auth:21.1.0] AndroidManifest.xml:46:13-79
91            android:excludeFromRecents="true"
91-->[com.google.firebase:firebase-auth:21.1.0] AndroidManifest.xml:47:13-46
92            android:exported="true"
92-->[com.google.firebase:firebase-auth:21.1.0] AndroidManifest.xml:48:13-36
93            android:launchMode="singleTask"
93-->[com.google.firebase:firebase-auth:21.1.0] AndroidManifest.xml:49:13-44
94            android:theme="@android:style/Theme.Translucent.NoTitleBar" >
94-->[com.google.firebase:firebase-auth:21.1.0] AndroidManifest.xml:50:13-72
95            <intent-filter>
95-->[com.google.firebase:firebase-auth:21.1.0] AndroidManifest.xml:51:13-61:29
96                <action android:name="android.intent.action.VIEW" />
96-->[com.google.firebase:firebase-auth:21.1.0] AndroidManifest.xml:34:17-69
96-->[com.google.firebase:firebase-auth:21.1.0] AndroidManifest.xml:34:25-66
97
98                <category android:name="android.intent.category.DEFAULT" />
98-->[com.google.firebase:firebase-auth:21.1.0] AndroidManifest.xml:36:17-76
98-->[com.google.firebase:firebase-auth:21.1.0] AndroidManifest.xml:36:27-73
99                <category android:name="android.intent.category.BROWSABLE" />
99-->[com.google.firebase:firebase-auth:21.1.0] AndroidManifest.xml:37:17-78
99-->[com.google.firebase:firebase-auth:21.1.0] AndroidManifest.xml:37:27-75
100
101                <data
101-->[com.google.firebase:firebase-auth:21.1.0] AndroidManifest.xml:39:17-42:51
102                    android:host="firebase.auth"
102-->[com.google.firebase:firebase-auth:21.1.0] AndroidManifest.xml:40:21-49
103                    android:path="/"
103-->[com.google.firebase:firebase-auth:21.1.0] AndroidManifest.xml:41:21-37
104                    android:scheme="recaptcha" />
104-->[com.google.firebase:firebase-auth:21.1.0] AndroidManifest.xml:42:21-48
105            </intent-filter>
106        </activity>
107
108        <service
108-->[com.google.firebase:firebase-auth:21.1.0] AndroidManifest.xml:64:9-70:19
109            android:name="com.google.firebase.components.ComponentDiscoveryService"
109-->[com.google.firebase:firebase-auth:21.1.0] AndroidManifest.xml:65:13-84
110            android:directBootAware="true"
110-->[com.google.firebase:firebase-common:20.2.0] AndroidManifest.xml:34:13-43
111            android:exported="false" >
111-->[com.google.firebase:firebase-auth:21.1.0] AndroidManifest.xml:66:13-37
112            <meta-data
112-->[com.google.firebase:firebase-auth:21.1.0] AndroidManifest.xml:67:13-69:85
113                android:name="com.google.firebase.components:com.google.firebase.auth.FirebaseAuthRegistrar"
113-->[com.google.firebase:firebase-auth:21.1.0] AndroidManifest.xml:68:17-109
114                android:value="com.google.firebase.components.ComponentRegistrar" />
114-->[com.google.firebase:firebase-auth:21.1.0] AndroidManifest.xml:69:17-82
115            <meta-data
115-->[com.google.firebase:firebase-database:20.1.0] AndroidManifest.xml:31:13-33:85
116                android:name="com.google.firebase.components:com.google.firebase.database.DatabaseRegistrar"
116-->[com.google.firebase:firebase-database:20.1.0] AndroidManifest.xml:32:17-109
117                android:value="com.google.firebase.components.ComponentRegistrar" />
117-->[com.google.firebase:firebase-database:20.1.0] AndroidManifest.xml:33:17-82
118        </service>
119
120        <provider
120-->[com.google.firebase:firebase-common:20.2.0] AndroidManifest.xml:25:9-30:39
121            android:name="com.google.firebase.provider.FirebaseInitProvider"
121-->[com.google.firebase:firebase-common:20.2.0] AndroidManifest.xml:26:13-77
122            android:authorities="com.awikwok.uas_slemantimes.firebaseinitprovider"
122-->[com.google.firebase:firebase-common:20.2.0] AndroidManifest.xml:27:13-72
123            android:directBootAware="true"
123-->[com.google.firebase:firebase-common:20.2.0] AndroidManifest.xml:28:13-43
124            android:exported="false"
124-->[com.google.firebase:firebase-common:20.2.0] AndroidManifest.xml:29:13-37
125            android:initOrder="100" />
125-->[com.google.firebase:firebase-common:20.2.0] AndroidManifest.xml:30:13-36
126
127        <activity
127-->[com.google.android.gms:play-services-base:18.0.1] AndroidManifest.xml:20:9-22:45
128            android:name="com.google.android.gms.common.api.GoogleApiActivity"
128-->[com.google.android.gms:play-services-base:18.0.1] AndroidManifest.xml:20:19-85
129            android:exported="false"
129-->[com.google.android.gms:play-services-base:18.0.1] AndroidManifest.xml:22:19-43
130            android:theme="@android:style/Theme.Translucent.NoTitleBar" />
130-->[com.google.android.gms:play-services-base:18.0.1] AndroidManifest.xml:21:19-78
131
132        <meta-data
132-->[com.google.android.gms:play-services-basement:18.1.0] AndroidManifest.xml:21:9-23:69
133            android:name="com.google.android.gms.version"
133-->[com.google.android.gms:play-services-basement:18.1.0] AndroidManifest.xml:22:13-58
134            android:value="@integer/google_play_services_version" />
134-->[com.google.android.gms:play-services-basement:18.1.0] AndroidManifest.xml:23:13-66
135
136        <provider
136-->[androidx.emoji2:emoji2:1.2.0] AndroidManifest.xml:24:9-32:20
137            android:name="androidx.startup.InitializationProvider"
137-->[androidx.emoji2:emoji2:1.2.0] AndroidManifest.xml:25:13-67
138            android:authorities="com.awikwok.uas_slemantimes.androidx-startup"
138-->[androidx.emoji2:emoji2:1.2.0] AndroidManifest.xml:26:13-68
139            android:exported="false" >
139-->[androidx.emoji2:emoji2:1.2.0] AndroidManifest.xml:27:13-37
140            <meta-data
140-->[androidx.emoji2:emoji2:1.2.0] AndroidManifest.xml:29:13-31:52
141                android:name="androidx.emoji2.text.EmojiCompatInitializer"
141-->[androidx.emoji2:emoji2:1.2.0] AndroidManifest.xml:30:17-75
142                android:value="androidx.startup" />
142-->[androidx.emoji2:emoji2:1.2.0] AndroidManifest.xml:31:17-49
143            <meta-data
143-->[androidx.lifecycle:lifecycle-process:2.4.1] AndroidManifest.xml:31:13-33:52
144                android:name="androidx.lifecycle.ProcessLifecycleInitializer"
144-->[androidx.lifecycle:lifecycle-process:2.4.1] AndroidManifest.xml:32:17-78
145                android:value="androidx.startup" />
145-->[androidx.lifecycle:lifecycle-process:2.4.1] AndroidManifest.xml:33:17-49
146        </provider>
147    </application>
148
149</manifest>